This is pdfTeX, Version 3.14159265-2.6-1.40.17 (MiKTeX 2.9.6210) (preloaded format=pdflatex 2017.2.22)  4 MAR 2017 17:50
entering extended mode
**C:/Users/miche/Desktop/NEW_TESI/final_dissertation_latex/cognome_nome_laurea_
aa.tex

(C:/Users/miche/Desktop/NEW_TESI/final_dissertation_latex/cognome_nome_laurea_a
a.tex
LaTeX2e <2017/01/01> patch level 1
Babel <3.9r> and hyphenation patterns for 1 language(s) loaded.
(C:\Users\miche\Desktop\LaTex\texmfs\install\tex\latex\base\book.cls
Document Class: book 2014/09/29 v1.4h Standard LaTeX document class
(C:\Users\miche\Desktop\LaTex\texmfs\install\tex\latex\base\bk11.clo
File: bk11.clo 2014/09/29 v1.4h Standard LaTeX file (size option)
)
\c@part=\count79
\c@chapter=\count80
\c@section=\count81
\c@subsection=\count82
\c@subsubsection=\count83
\c@paragraph=\count84
\c@subparagraph=\count85
\c@figure=\count86
\c@table=\count87
\abovecaptionskip=\skip41
\belowcaptionskip=\skip42
\bibindent=\dimen102
)
(C:\Users\miche\Desktop\LaTex\texmfs\install\tex\latex\graphics\epsfig.sty
Package: epsfig 1999/02/16 v1.7a (e)psfig emulation (SPQR)

(C:\Users\miche\Desktop\LaTex\texmfs\install\tex\latex\graphics\graphicx.sty
Package: graphicx 2014/10/28 v1.0g Enhanced LaTeX Graphics (DPC,SPQR)

(C:\Users\miche\Desktop\LaTex\texmfs\install\tex\latex\graphics\keyval.sty
Package: keyval 2014/10/28 v1.15 key=value parser (DPC)
\KV@toks@=\toks14
)
(C:\Users\miche\Desktop\LaTex\texmfs\install\tex\latex\graphics\graphics.sty
Package: graphics 2016/10/09 v1.0u Standard LaTeX Graphics (DPC,SPQR)

(C:\Users\miche\Desktop\LaTex\texmfs\install\tex\latex\graphics\trig.sty
Package: trig 2016/01/03 v1.10 sin cos tan (DPC)
)
(C:\Users\miche\Desktop\LaTex\texmfs\install\tex\latex\graphics-cfg\graphics.cf
g
File: graphics.cfg 2016/06/04 v1.11 sample graphics configuration
)
Package graphics Info: Driver file: pdftex.def on input line 99.

(C:\Users\miche\Desktop\LaTex\texmfs\install\tex\latex\graphics-def\pdftex.def
File: pdftex.def 2017/01/12 v0.06k Graphics/color for pdfTeX

(C:\Users\miche\Desktop\LaTex\texmfs\install\tex\generic\oberdiek\infwarerr.sty
Package: infwarerr 2016/05/16 v1.4 Providing info/warning/error messages (HO)
) (C:\Users\miche\Desktop\LaTex\texmfs\install\tex\generic\oberdiek\ltxcmds.sty
Package: ltxcmds 2016/05/16 v1.23 LaTeX kernel commands for general use (HO)
)
\Gread@gobject=\count88
))
\Gin@req@height=\dimen103
\Gin@req@width=\dimen104
)
\epsfxsize=\dimen105
\epsfysize=\dimen106
) (C:\Users\miche\Desktop\LaTex\texmfs\install\tex\latex\carlisle\plain.sty
Package: plain 1996/04/22 Plain TeX emulation (DPC)
\tabs@latex=\box26
\tabsyet@latex=\box27
\tabsdone@latex=\box28
) (C:\Users\miche\Desktop\LaTex\texmfs\install\tex\latex\setspace\setspace.sty
Package: setspace 2011/12/19 v6.7a set line spacing
) (C:\Users\miche\Desktop\LaTex\texmfs\install\tex\latex\geometry\geometry.sty
Package: geometry 2010/09/12 v5.6 Page Geometry

(C:\Users\miche\Desktop\LaTex\texmfs\install\tex\generic\oberdiek\ifpdf.sty
Package: ifpdf 2016/05/14 v3.1 Provides the ifpdf switch
)
(C:\Users\miche\Desktop\LaTex\texmfs\install\tex\generic\oberdiek\ifvtex.sty
Package: ifvtex 2016/05/16 v1.6 Detect VTeX and its facilities (HO)
Package ifvtex Info: VTeX not detected.
)
(C:\Users\miche\Desktop\LaTex\texmfs\install\tex\generic\ifxetex\ifxetex.sty
Package: ifxetex 2010/09/12 v0.6 Provides ifxetex conditional
)
\Gm@cnth=\count89
\Gm@cntv=\count90
\c@Gm@tempcnt=\count91
\Gm@bindingoffset=\dimen107
\Gm@wd@mp=\dimen108
\Gm@odd@mp=\dimen109
\Gm@even@mp=\dimen110
\Gm@layoutwidth=\dimen111
\Gm@layoutheight=\dimen112
\Gm@layouthoffset=\dimen113
\Gm@layoutvoffset=\dimen114
\Gm@dimlist=\toks15

(C:\Users\miche\Desktop\LaTex\texmfs\install\tex\latex\geometry\geometry.cfg))
(C:\Users\miche\Desktop\LaTex\texmfs\install\tex\latex\titlesec\titlesec.sty
Package: titlesec 2016/03/21 v2.10.2 Sectioning titles
\ttl@box=\box29
\beforetitleunit=\skip43
\aftertitleunit=\skip44
\ttl@plus=\dimen115
\ttl@minus=\dimen116
\ttl@toksa=\toks16
\titlewidth=\dimen117
\titlewidthlast=\dimen118
\titlewidthfirst=\dimen119
)
(C:\Users\miche\Desktop\LaTex\texmfs\install\tex\latex\base\inputenc.sty
Package: inputenc 2015/03/17 v1.2c Input encoding file
\inpenc@prehook=\toks17
\inpenc@posthook=\toks18

(C:\Users\miche\Desktop\LaTex\texmfs\install\tex\latex\ucs\utf8x.def
File: utf8x.def 2004/10/17 UCS: Input encoding UTF-8
))
(C:\Users\miche\Desktop\LaTex\texmfs\install\tex\latex\ucs\ucs.sty
Package: ucs 2013/05/11 v2.2 UCS: Unicode input support

(C:\Users\miche\Desktop\LaTex\texmfs\install\tex\latex\ucs\uni-global.def
File: uni-global.def 2013/05/13 UCS: Unicode global data
)
\uc@secondtry=\count92
\uc@combtoks=\toks19
\uc@combtoksb=\toks20
\uc@temptokena=\toks21
)
(C:\Users\miche\Desktop\LaTex\texmfs\install\tex\latex\listings\listings.sty
\lst@mode=\count93
\lst@gtempboxa=\box30
\lst@token=\toks22
\lst@length=\count94
\lst@currlwidth=\dimen120
\lst@column=\count95
\lst@pos=\count96
\lst@lostspace=\dimen121
\lst@width=\dimen122
\lst@newlines=\count97
\lst@lineno=\count98
\lst@maxwidth=\dimen123

(C:\Users\miche\Desktop\LaTex\texmfs\install\tex\latex\listings\lstmisc.sty
File: lstmisc.sty 2015/06/04 1.6 (Carsten Heinz)
\c@lstnumber=\count99
\lst@skipnumbers=\count100
\lst@framebox=\box31
)
(C:\Users\miche\Desktop\LaTex\texmfs\install\tex\latex\listings\listings.cfg
File: listings.cfg 2015/06/04 1.6 listings configuration
))
Package: listings 2015/06/04 1.6 (Carsten Heinz)

(C:\Users\miche\Desktop\LaTex\texmfs\install\tex\latex\graphics\color.sty
Package: color 2016/07/10 v1.1e Standard LaTeX Color (DPC)

(C:\Users\miche\Desktop\LaTex\texmfs\install\tex\latex\graphics-cfg\color.cfg
File: color.cfg 2016/01/02 v1.6 sample color configuration
)
Package color Info: Driver file: pdftex.def on input line 147.
) (C:\Users\miche\Desktop\LaTex\texmfs\install\tex\latex\listings\lstlang1.sty
File: lstlang1.sty 2015/06/04 1.6 listings language file
)
(C:\Users\miche\Desktop\LaTex\texmfs\install\tex\generic\babel\babel.sty
Package: babel 2016/04/23 3.9r The Babel package

*************************************
* Local config file bblopts.cfg used
*
(C:\Users\miche\Desktop\LaTex\texmfs\install\tex\latex\arabi\bblopts.cfg
File: bblopts.cfg 2005/09/08 v0.1 add Arabic and Farsi to "declared" options of
 babel
)
(C:\Users\miche\Desktop\LaTex\texmfs\install\tex\latex\babel-english\english.ld
f
Language: english 2017/01/24 v3.3q English support from the babel system
 (C:\Users\miche\Desktop\LaTex\texmfs\install\tex\generic\babel\babel.def
File: babel.def 2016/04/23 3.9r Babel common definitions
\babel@savecnt=\count101
\U@D=\dimen124
)
\l@british = a dialect from \language\l@english 
\l@UKenglish = a dialect from \language\l@english 
\l@american = a dialect from \language\l@english 
\l@canadian = a dialect from \language\l@american 
\l@australian = a dialect from \language\l@british 
\l@newzealand = a dialect from \language\l@british 
))

LaTeX Warning: Unused global option(s):
    [epsfig].

No file cognome_nome_laurea_aa.aux.
\openout1 = `cognome_nome_laurea_aa.aux'.

LaTeX Font Info:    Checking defaults for OML/cmm/m/it on input line 60.
LaTeX Font Info:    ... okay on input line 60.
LaTeX Font Info:    Checking defaults for T1/cmr/m/n on input line 60.
LaTeX Font Info:    ... okay on input line 60.
LaTeX Font Info:    Checking defaults for OT1/cmr/m/n on input line 60.
LaTeX Font Info:    ... okay on input line 60.
LaTeX Font Info:    Checking defaults for OMS/cmsy/m/n on input line 60.
LaTeX Font Info:    ... okay on input line 60.
LaTeX Font Info:    Checking defaults for OMX/cmex/m/n on input line 60.
LaTeX Font Info:    ... okay on input line 60.
LaTeX Font Info:    Checking defaults for U/cmr/m/n on input line 60.
LaTeX Font Info:    ... okay on input line 60.
(C:\Users\miche\Desktop\LaTex\texmfs\install\tex\context\base\supp-pdf.mkii
[Loading MPS to PDF converter (version 2006.09.02).]
\scratchcounter=\count102
\scratchdimen=\dimen125
\scratchbox=\box32
\nofMPsegments=\count103
\nofMParguments=\count104
\everyMPshowfont=\toks23
\MPscratchCnt=\count105
\MPscratchDim=\dimen126
\MPnumerator=\count106
\makeMPintoPDFobject=\count107
\everyMPtoPDFconversion=\toks24
)
(C:\Users\miche\Desktop\LaTex\texmfs\install\tex\generic\oberdiek\pdftexcmds.st
y
Package: pdftexcmds 2016/05/21 v0.22 Utility functions of pdfTeX for LuaTeX (HO
)

(C:\Users\miche\Desktop\LaTex\texmfs\install\tex\generic\oberdiek\ifluatex.sty
Package: ifluatex 2016/05/16 v1.4 Provides the ifluatex switch (HO)
Package ifluatex Info: LuaTeX not detected.
)
Package pdftexcmds Info: LuaTeX not detected.
Package pdftexcmds Info: \pdf@primitive is available.
Package pdftexcmds Info: \pdf@ifprimitive is available.
Package pdftexcmds Info: \pdfdraftmode found.
)
(C:\Users\miche\Desktop\LaTex\texmfs\install\tex\latex\oberdiek\epstopdf-base.s
ty
Package: epstopdf-base 2016/05/15 v2.6 Base part for package epstopdf
 (C:\Users\miche\Desktop\LaTex\texmfs\install\tex\latex\oberdiek\grfext.sty
Package: grfext 2016/05/16 v1.2 Manage graphics extensions (HO)

(C:\Users\miche\Desktop\LaTex\texmfs\install\tex\generic\oberdiek\kvdefinekeys.
sty
Package: kvdefinekeys 2016/05/16 v1.4 Define keys (HO)
))
(C:\Users\miche\Desktop\LaTex\texmfs\install\tex\latex\oberdiek\kvoptions.sty
Package: kvoptions 2016/05/16 v3.12 Key value format for package options (HO)

(C:\Users\miche\Desktop\LaTex\texmfs\install\tex\generic\oberdiek\kvsetkeys.sty
Package: kvsetkeys 2016/05/16 v1.17 Key value parser (HO)
(C:\Users\miche\Desktop\LaTex\texmfs\install\tex\generic\oberdiek\etexcmds.sty
Package: etexcmds 2016/05/16 v1.6 Avoid name clashes with e-TeX commands (HO)
Package etexcmds Info: Could not find \expanded.
(etexcmds)             That can mean that you are not using pdfTeX 1.50 or
(etexcmds)             that some package has redefined \expanded.
(etexcmds)             In the latter case, load this package earlier.
)))
Package epstopdf-base Info: Redefining graphics rule for `.eps' on input line 4
38.
Package grfext Info: Graphics extension search list:
(grfext)             [.png,.pdf,.jpg,.mps,.jpeg,.jbig2,.jb2,.PNG,.PDF,.JPG,.JPE
G,.JBIG2,.JB2,.eps]
(grfext)             \AppendGraphicsExtensions on input line 456.
)
*geometry* driver: auto-detecting
*geometry* detected driver: pdftex
*geometry* verbose mode - [ preamble ] result:
* driver: pdftex
* paper: custom
* layout: <same size as paper>
* layoutoffset:(h,v)=(0.0pt,0.0pt)
* modes: twoside 
* h-part:(L,W,R)=(71.13188pt, 483.69687pt, 42.67912pt)
* v-part:(T,H,B)=(56.9055pt, 731.23575pt, 56.9055pt)
* \paperwidth=597.50787pt
* \paperheight=845.04675pt
* \textwidth=483.69687pt
* \textheight=731.23575pt
* \oddsidemargin=-1.1381pt
* \evensidemargin=-29.59087pt
* \topmargin=-47.23828pt
* \headheight=12.0pt
* \headsep=19.8738pt
* \topskip=11.0pt
* \footskip=27.46295pt
* \marginparwidth=106.0pt
* \marginparsep=7.0pt
* \columnsep=10.0pt
* \skip\footins=10.0pt plus 4.0pt minus 2.0pt
* \hoffset=0.0pt
* \voffset=0.0pt
* \mag=1000
* \@twocolumnfalse
* \@twosidetrue
* \@mparswitchtrue
* \@reversemarginfalse
* (1in=72.27pt=25.4mm, 1cm=28.453pt)

(C:\Users\miche\Desktop\LaTex\texmfs\install\tex\latex\ucs\ucsencs.def
File: ucsencs.def 2011/01/21 Fixes to fontencodings LGR, T3
)
\c@lstlisting=\count108

(C:/Users/miche/Desktop/NEW_TESI/final_dissertation_latex\pagina_iniziale.tex
<images/logo_unitn_black_center.png, id=1, 199.15004pt x 80.42075pt>
File: images/logo_unitn_black_center.png Graphic file (type png)

<use images/logo_unitn_black_center.png>
Package pdftex.def Info: images/logo_unitn_black_center.png used on input line 
7.
(pdftex.def)             Requested size: 290.22107pt x 117.2108pt.

(C:\Users\miche\Desktop\LaTex\texmfs\install\tex\latex\ucs\uni-32.def
File: uni-32.def 2013/05/13 UCS: Unicode data U+2000..U+20FF
)
LaTeX Font Info:    External font `cmex10' loaded for size
(Font)              <14.4> on input line 31.
LaTeX Font Info:    External font `cmex10' loaded for size
(Font)              <7> on input line 31.
)
[1

{C:/Users/miche/Desktop/LaTex/texmfs/data/pdftex/config/pdftex.map} <C:/Users/m
iche/Desktop/NEW_TESI/final_dissertation_latex/images/logo_unitn_black_center.p
ng>]
(C:/Users/miche/Desktop/NEW_TESI/final_dissertation_latex\ringraziamenti.tex)
[2

]
No file cognome_nome_laurea_aa.toc.
\tf@toc=\write3
\openout3 = `cognome_nome_laurea_aa.toc'.

[1



] (C:/Users/miche/Desktop/NEW_TESI/final_dissertation_latex\sommario.tex
LaTeX Font Info:    External font `cmex10' loaded for size
(Font)              <10.95> on input line 6.
LaTeX Font Info:    External font `cmex10' loaded for size
(Font)              <8> on input line 6.
LaTeX Font Info:    External font `cmex10' loaded for size
(Font)              <6> on input line 6.
LaTeX Font Info:    External font `cmex10' loaded for size
(Font)              <9> on input line 6.
LaTeX Font Info:    External font `cmex10' loaded for size
(Font)              <5> on input line 6.
LaTeX Font Info:    Try loading font information for OMS+cmr on input line 20.

(C:\Users\miche\Desktop\LaTex\texmfs\install\tex\latex\base\omscmr.fd
File: omscmr.fd 2014/09/29 v2.5h Standard LaTeX font definitions
)
LaTeX Font Info:    Font shape `OMS/cmr/m/n' in size <10.95> not available
(Font)              Font shape `OMS/cmsy/m/n' tried instead on input line 20.
 [2

])
[3] (C:/Users/miche/Desktop/NEW_TESI/final_dissertation_latex\capitolo1.tex
Chapter 1.

LaTeX Warning: Citation `ictbusiness' on page 4 undefined on input line 17.


LaTeX Warning: Citation `donoho' on page 4 undefined on input line 18.

[4] [5]
Underfull \vbox (badness 10000) has occurred while \output is active []

 [6])
[7] (C:/Users/miche/Desktop/NEW_TESI/final_dissertation_latex\capitolo2.tex
Chapter 2.
[8]
Overfull \hbox (28.81985pt too wide) in paragraph at lines 60--63
\OT1/cmr/m/n/10.95 And their names eas-ily ex-plain their func-tion. For Read o
p-er-a-tions Mongo uses the method \OT1/cmr/m/it/10.95 db.collection.find(
 []

[9] [10]) [11]
(C:/Users/miche/Desktop/NEW_TESI/final_dissertation_latex\capitolo3.tex
Chapter 3.

Overfull \hbox (4.00858pt too wide) in paragraph at lines 1--1
|[]\OT1/cmr/bx/n/24.88 The project: Mon-goDB Per-for-mance| 
 []

[12] <images/app-architecture.png, id=61, 686.565pt x 486.81876pt>
File: images/app-architecture.png Graphic file (type png)

<use images/app-architecture.png>
Package pdftex.def Info: images/app-architecture.png used on input line 31.
(pdftex.def)             Requested size: 343.28166pt x 243.40878pt.

! Missing $ inserted.
<inserted text> 
                $
l.39 ...n.wikipedia.org/wiki/Enterprise_JavaBeans}
                                                  . It introduced the concep...

? 
! Missing $ inserted.
<inserted text> 
                $
l.39 ...n.wikipedia.org/wiki/Enterprise_JavaBeans}
                                                  . It introduced the concep...

? 
! Extra }, or forgotten \endgroup.
l.51 \subsection{MongoDB Resource module}}
                                          
? 
) [13 <C:/Users/miche/Desktop/NEW_TESI/final_dissertation_latex/images/app-arch
itecture.png>]
(C:/Users/miche/Desktop/NEW_TESI/final_dissertation_latex\capitolo4.tex
Chapter 4.
) [14] (C:/Users/miche/Desktop/NEW_TESI/final_dissertation_latex\capitolo5.tex
Chapter 5.
) [15]
No file cognome_nome_laurea_aa.bbl.
(C:/Users/miche/Desktop/NEW_TESI/final_dissertation_latex\allegati.tex
Appendix A.
[16

]
Appendix B.
) [17

] (cognome_nome_laurea_aa.aux)

LaTeX Warning: There were undefined references.


LaTeX Warning: Label(s) may have changed. Rerun to get cross-references right.

 ) 
Here is how much of TeX's memory you used:
 5186 strings out of 495232
 74329 string characters out of 3181100
 168488 words of memory out of 3000000
 8355 multiletter control sequences out of 15000+200000
 12446 words of font info for 43 fonts, out of 3000000 for 9000
 14 hyphenation exceptions out of 8191
 39i,8n,40p,983b,1314s stack positions out of 5000i,500n,10000p,200000b,50000s
<C:/Users/miche/Desktop/LaTex/texmfs/install/fonts/type1/public/amsfonts/cm/c
mbx10.pfb><C:/Users/miche/Desktop/LaTex/texmfs/install/fonts/type1/public/amsfo
nts/cm/cmbx12.pfb><C:/Users/miche/Desktop/LaTex/texmfs/install/fonts/type1/publ
ic/amsfonts/cm/cmcsc10.pfb><C:/Users/miche/Desktop/LaTex/texmfs/install/fonts/t
ype1/public/amsfonts/cm/cmmi6.pfb><C:/Users/miche/Desktop/LaTex/texmfs/install/
fonts/type1/public/amsfonts/cm/cmmi9.pfb><C:/Users/miche/Desktop/LaTex/texmfs/i
nstall/fonts/type1/public/amsfonts/cm/cmr10.pfb><C:/Users/miche/Desktop/LaTex/t
exmfs/install/fonts/type1/public/amsfonts/cm/cmr12.pfb><C:/Users/miche/Desktop/
LaTex/texmfs/install/fonts/type1/public/amsfonts/cm/cmr17.pfb><C:/Users/miche/D
esktop/LaTex/texmfs/install/fonts/type1/public/amsfonts/cm/cmr6.pfb><C:/Users/m
iche/Desktop/LaTex/texmfs/install/fonts/type1/public/amsfonts/cm/cmr8.pfb><C:/U
sers/miche/Desktop/LaTex/texmfs/install/fonts/type1/public/amsfonts/cm/cmr9.pfb
><C:/Users/miche/Desktop/LaTex/texmfs/install/fonts/type1/public/amsfonts/cm/cm
sl10.pfb><C:/Users/miche/Desktop/LaTex/texmfs/install/fonts/type1/public/amsfon
ts/cm/cmsy10.pfb><C:/Users/miche/Desktop/LaTex/texmfs/install/fonts/type1/publi
c/amsfonts/cm/cmti10.pfb><C:/Users/miche/Desktop/LaTex/texmfs/install/fonts/typ
e1/public/amsfonts/cm/cmti12.pfb><C:/Users/miche/Desktop/LaTex/texmfs/install/f
onts/type1/public/amsfonts/cm/cmtt10.pfb>
Output written on cognome_nome_laurea_aa.pdf (19 pages, 344369 bytes).
PDF statistics:
 132 PDF objects out of 1000 (max. 8388607)
 0 named destinations out of 1000 (max. 500000)
 11 words of extra memory for PDF output out of 10000 (max. 10000000)

